<?xml version="1.0" encoding="UTF-8"?>
<!-- Generated by org.testng.reporters.JUnitReportReporter -->
<testsuite skipped="0" hostname="DESKTOP-SJFLRU4" name="com.shopcart.dashboard.testcases.LoginPageTest" tests="1" failures="0" timestamp="06 Aug 2019 08:59:46 GMT" time="19.176" errors="0">
  <testcase name="loginTest" time="19.176" classname="com.shopcart.dashboard.testcases.LoginPageTest"/>
</testsuite> <!-- com.shopcart.dashboard.testcases.LoginPageTest -->
